<?xml version="1.0" encoding="UTF-8"?>
<!-- Generated by org.testng.reporters.JUnitReportReporter -->
<testsuite hostname="Shanthi-Acer" failures="0" tests="1" name="com.Shanthi.learningSelenium.SelectExample" time="17.452" errors="0" timestamp="2022-12-14T18:21:00 EST" skipped="0">
  <testcase classname="com.Shanthi.learningSelenium.SelectExample" name="verifySelect" time="17.452"/>
  <system-out/>
</testsuite> <!-- com.Shanthi.learningSelenium.SelectExample -->
