<?xml version="1.0" encoding="UTF-8"?>
<!-- Generated by org.testng.reporters.JUnitReportReporter -->
<testsuite hostname="Shanthi-Acer" failures="0" tests="1" name="com.Shanthi.learningSelenium.RegisterAccount" time="5.427" errors="0" timestamp="2022-12-10T17:39:24 EST" skipped="0">
  <testcase classname="com.Shanthi.learningSelenium.RegisterAccount" name="verifyLoginTest" time="5.427"/>
  <system-out/>
</testsuite> <!-- com.Shanthi.learningSelenium.RegisterAccount -->
