<?xml version="1.0" encoding="UTF-8"?>
<!-- Generated by org.testng.reporters.JUnitReportReporter -->
<testsuite hostname="Shanthi-Acer" failures="0" tests="1" name="com.Shanthi.learningSelenium.PhoneOrderCreation" time="20.038" errors="0" timestamp="2022-12-14T19:35:14 EST" skipped="0">
  <testcase classname="com.Shanthi.learningSelenium.PhoneOrderCreation" name="verifyLoginDetails" time="20.038"/>
  <system-out/>
</testsuite> <!-- com.Shanthi.learningSelenium.PhoneOrderCreation -->
