<?xml version="1.0" encoding="UTF-8"?>
<!-- Generated by org.testng.reporters.JUnitReportReporter -->
<testsuite hostname="Shanthi-Acer" failures="0" tests="1" name="com.Shanthi.learningSelenium.RegisterAccount" time="22.882" errors="0" timestamp="2022-12-11T19:26:18 EST" skipped="0">
  <testcase classname="com.Shanthi.learningSelenium.RegisterAccount" name="verifyRegistrationAccountTest" time="22.882"/>
  <system-out/>
</testsuite> <!-- com.Shanthi.learningSelenium.RegisterAccount -->
